
Showing logs for build [32mcb-kubecd-environment-pr-172-30-rgdxg-1[0m stage [32mfrom-build-pack[0m and container [32mstep-credential-initializer-k2lk4[0m
{"level":"warn","ts":1583256630.6210594,"logger":"fallback-logger","caller":"logging/config.go:69","msg":"Fetch GitHub commit ID from kodata failed: \"ref: refs/heads/0.8.0-**-support-backwards-incompats\" is not a valid GitHub commit ID"}
{"level":"info","ts":1583256630.621695,"logger":"fallback-logger","caller":"creds-init/main.go:40","msg":"Credentials initialized."}

Showing logs for build [32mcb-kubecd-environment-pr-172-30-rgdxg-1[0m stage [32mfrom-build-pack[0m and container [32mstep-working-dir-initializer-7brzr[0m
{"level":"warn","ts":1583256631.598132,"logger":"fallback-logger","caller":"logging/config.go:69","msg":"Fetch GitHub commit ID from kodata failed: open /var/run/ko/HEAD: no such file or directory"}
{"level":"info","ts":1583256631.602221,"logger":"fallback-logger","caller":"bash/main.go:64","msg":"Successfully executed command \"sh -c mkdir -p /workspace/source\"; output "}

Showing logs for build [32mcb-kubecd-environment-pr-172-30-rgdxg-1[0m stage [32mfrom-build-pack[0m and container [32mstep-place-tools[0m

Showing logs for build [32mcb-kubecd-environment-pr-172-30-rgdxg-1[0m stage [32mfrom-build-pack[0m and container [32mstep-git-source-cb-kubecd-environment-pr-172-30-rgdxg-jmpgp[0m
{"level":"warn","ts":1583256636.7817965,"logger":"fallback-logger","caller":"logging/config.go:69","msg":"Fetch GitHub commit ID from kodata failed: \"ref: refs/heads/0.8.0-**-support-backwards-incompats\" is not a valid GitHub commit ID"}
{"level":"info","ts":1583256637.859846,"logger":"fallback-logger","caller":"git/git.go:103","msg":"Successfully cloned https://github.com/cb-kubecd/environment-pr-172-30-boot-vault-gke-staging.git @ master in path /workspace/source"}

Showing logs for build [32mcb-kubecd-environment-pr-172-30-rgdxg-1[0m stage [32mfrom-build-pack[0m and container [32mstep-git-merge[0m
Using SHAs from PULL_REFS=master:451d3f75cab0d43a38e195b67ee4e9dcc66d0e8b,3:42dc896e2893bd3c278d0634d706d26ff6a6671b
DEBUG: LC_ALL=C JX_LOG_LEVEL=error git fetch origin --unshallow 42dc896e2893bd3c278d0634d706d26ff6a6671b: 451d3f75cab0d43a38e195b67ee4e9dcc66d0e8b:
DEBUG: ran git fetch --unshallow origin 42dc896e2893bd3c278d0634d706d26ff6a6671b: 451d3f75cab0d43a38e195b67ee4e9dcc66d0e8b: in 
DEBUG: LC_ALL=C JX_LOG_LEVEL=error git branch
DEBUG: JX_LOG_LEVEL=error LC_ALL=C git checkout master
DEBUG: ran git checkout master in 
DEBUG: JX_LOG_LEVEL=error LC_ALL=C git reset --hard 451d3f75cab0d43a38e195b67ee4e9dcc66d0e8b
DEBUG: ran git reset --hard 451d3f75cab0d43a38e195b67ee4e9dcc66d0e8b in 
DEBUG: LC_ALL=C JX_LOG_LEVEL=error git clean -fd .
DEBUG: ran clean --force -d . in 
DEBUG: LC_ALL=C JX_LOG_LEVEL=error git merge 42dc896e2893bd3c278d0634d706d26ff6a6671b
DEBUG: ran git merge 42dc896e2893bd3c278d0634d706d26ff6a6671b in 
DEBUG: LC_ALL=C JX_LOG_LEVEL=error git log --format=%H%x1f%an%x1f%ae%x1f%cn%x1f%ce%x1f%s%n%b%x1e 451d3f75cab0d43a38e195b67ee4e9dcc66d0e8b..HEAD
Merged SHA 42dc896e2893bd3c278d0634d706d26ff6a6671b with commit message 'chore: Promote bdd-sbhg-1583255152 to version 0.0.1' into base branch master

Showing logs for build [32mcb-kubecd-environment-pr-172-30-rgdxg-1[0m stage [32mfrom-build-pack[0m and container [32mstep-build-helm-build[0m
WARNING: No $CHART_REPOSITORY defined so using the default value of: http://jenkins-x-chartmuseum:8080
Adding missing Helm repo: storage.googleapis.com https://storage.googleapis.com/chartmuseum.jenkins-x.io
WARNING: No secrets found on "helm/repos" due: reading the secret "helm/repos" from vault: no secret "helm/repos" not found in vault
Read credentials for https://storage.googleapis.com/chartmuseum.jenkins-x.io from vault helm/repos
Successfully added Helm repository storage.googleapis.com.
Adding missing Helm repo: jenkins-x-chartmuseum http://jenkins-x-chartmuseum:8080
WARNING: No secrets found on "helm/repos" due: reading the secret "helm/repos" from vault: no secret "helm/repos" not found in vault
Read credentials for http://jenkins-x-chartmuseum:8080 from vault helm/repos
Successfully added Helm repository jenkins-x-chartmuseum.
WARNING: No $CHART_REPOSITORY defined so using the default value of: http://jenkins-x-chartmuseum:8080
Adding missing Helm repo: chartmuseum.jenkins-x.io http://chartmuseum.jenkins-x.io
WARNING: No secrets found on "helm/repos" due: reading the secret "helm/repos" from vault: no secret "helm/repos" not found in vault
Read credentials for http://chartmuseum.jenkins-x.io from vault helm/repos
Successfully added Helm repository chartmuseum.jenkins-x.io.
