
Showing logs for build [32mcb-kubecd-environment-pr-172-30-mblv7-1[0m stage [32mfrom-build-pack[0m and container [32mstep-credential-initializer-lsbd9[0m
{"level":"warn","ts":1583255460.626483,"logger":"fallback-logger","caller":"logging/config.go:69","msg":"Fetch GitHub commit ID from kodata failed: \"ref: refs/heads/0.8.0-**-support-backwards-incompats\" is not a valid GitHub commit ID"}
{"level":"info","ts":1583255460.6274302,"logger":"fallback-logger","caller":"creds-init/main.go:40","msg":"Credentials initialized."}

Showing logs for build [32mcb-kubecd-environment-pr-172-30-mblv7-1[0m stage [32mfrom-build-pack[0m and container [32mstep-working-dir-initializer-766f6[0m
{"level":"warn","ts":1583255461.6277246,"logger":"fallback-logger","caller":"logging/config.go:69","msg":"Fetch GitHub commit ID from kodata failed: open /var/run/ko/HEAD: no such file or directory"}
{"level":"info","ts":1583255461.6298134,"logger":"fallback-logger","caller":"bash/main.go:64","msg":"Successfully executed command \"sh -c mkdir -p /workspace/source\"; output "}

Showing logs for build [32mcb-kubecd-environment-pr-172-30-mblv7-1[0m stage [32mfrom-build-pack[0m and container [32mstep-place-tools[0m

Showing logs for build [32mcb-kubecd-environment-pr-172-30-mblv7-1[0m stage [32mfrom-build-pack[0m and container [32mstep-git-source-cb-kubecd-environment-pr-172-30-mblv7-jxkcq[0m
{"level":"warn","ts":1583255466.8969827,"logger":"fallback-logger","caller":"logging/config.go:69","msg":"Fetch GitHub commit ID from kodata failed: \"ref: refs/heads/0.8.0-**-support-backwards-incompats\" is not a valid GitHub commit ID"}
{"level":"info","ts":1583255468.0330496,"logger":"fallback-logger","caller":"git/git.go:103","msg":"Successfully cloned https://github.com/cb-kubecd/environment-pr-172-30-boot-vault-gke-staging.git @ master in path /workspace/source"}

Showing logs for build [32mcb-kubecd-environment-pr-172-30-mblv7-1[0m stage [32mfrom-build-pack[0m and container [32mstep-git-merge[0m
Using SHAs from PULL_REFS=master:5aa13944927f9cfb92e36b74d4aa9f7f26f87fe3,2:ec87610c37cd7112045ca3cb55aae21345ee63e2
DEBUG: LC_ALL=C JX_LOG_LEVEL=error git fetch origin --unshallow ec87610c37cd7112045ca3cb55aae21345ee63e2: 5aa13944927f9cfb92e36b74d4aa9f7f26f87fe3:
DEBUG: ran git fetch --unshallow origin ec87610c37cd7112045ca3cb55aae21345ee63e2: 5aa13944927f9cfb92e36b74d4aa9f7f26f87fe3: in 
DEBUG: LC_ALL=C JX_LOG_LEVEL=error git branch
DEBUG: LC_ALL=C JX_LOG_LEVEL=error git checkout master
DEBUG: ran git checkout master in 
DEBUG: JX_LOG_LEVEL=error LC_ALL=C git reset --hard 5aa13944927f9cfb92e36b74d4aa9f7f26f87fe3
DEBUG: ran git reset --hard 5aa13944927f9cfb92e36b74d4aa9f7f26f87fe3 in 
DEBUG: LC_ALL=C JX_LOG_LEVEL=error git clean -fd .
DEBUG: ran clean --force -d . in 
DEBUG: LC_ALL=C JX_LOG_LEVEL=error git merge ec87610c37cd7112045ca3cb55aae21345ee63e2
DEBUG: ran git merge ec87610c37cd7112045ca3cb55aae21345ee63e2 in 
DEBUG: JX_LOG_LEVEL=error LC_ALL=C git log --format=%H%x1f%an%x1f%ae%x1f%cn%x1f%ce%x1f%s%n%b%x1e 5aa13944927f9cfb92e36b74d4aa9f7f26f87fe3..HEAD
Merged SHA ec87610c37cd7112045ca3cb55aae21345ee63e2 with commit message 'chore: Promote bdd-nh-1583255152 to version 0.0.1' into base branch master

Showing logs for build [32mcb-kubecd-environment-pr-172-30-mblv7-1[0m stage [32mfrom-build-pack[0m and container [32mstep-build-helm-build[0m
WARNING: No $CHART_REPOSITORY defined so using the default value of: http://jenkins-x-chartmuseum:8080
Adding missing Helm repo: storage.googleapis.com https://storage.googleapis.com/chartmuseum.jenkins-x.io
WARNING: No secrets found on "helm/repos" due: reading the secret "helm/repos" from vault: no secret "helm/repos" not found in vault
Read credentials for https://storage.googleapis.com/chartmuseum.jenkins-x.io from vault helm/repos
Successfully added Helm repository storage.googleapis.com.
Adding missing Helm repo: jenkins-x-chartmuseum http://jenkins-x-chartmuseum:8080
WARNING: No secrets found on "helm/repos" due: reading the secret "helm/repos" from vault: no secret "helm/repos" not found in vault
Read credentials for http://jenkins-x-chartmuseum:8080 from vault helm/repos
Successfully added Helm repository jenkins-x-chartmuseum.
WARNING: No $CHART_REPOSITORY defined so using the default value of: http://jenkins-x-chartmuseum:8080
Adding missing Helm repo: chartmuseum.jenkins-x.io http://chartmuseum.jenkins-x.io
WARNING: No secrets found on "helm/repos" due: reading the secret "helm/repos" from vault: no secret "helm/repos" not found in vault
Read credentials for http://chartmuseum.jenkins-x.io from vault helm/repos
Successfully added Helm repository chartmuseum.jenkins-x.io.
